app/manifest-merger-release-report.txt
-- Merging decision tree log ---
manifest
ADDED from AndroidManifest.xml:2:1
	package
		ADDED from AndroidManifest.xml:6:5
		INJECTED from AndroidManifest.xml:0:0
		INJECTED from AndroidManifest.xml:0:0
	android:versionName
		ADDED from AndroidManifest.xml:5:5
		INJECTED from AndroidManifest.xml:0:0
		INJECTED from AndroidManifest.xml:0:0
	android:versionCode
		ADDED from AndroidManifest.xml:4:5
		INJECTED from AndroidManifest.xml:0:0
		INJECTED from AndroidManifest.xml:0:0
	xmlns:android
		ADDED from AndroidManifest.xml:3:5
supports-screens
ADDED from AndroidManifest.xml:7:5
	android:largeScreens
		ADDED from AndroidManifest.xml:11:9
	android:smallScreens
		ADDED from AndroidManifest.xml:9:9
	android:normalScreens
		ADDED from AndroidManifest.xml:10:9
	android:xlargeScreens
		ADDED from AndroidManifest.xml:13:9
	android:resizeable
		ADDED from AndroidManifest.xml:12:9
	android:anyDensity
		ADDED from AndroidManifest.xml:8:9
permission#edu.ucla.fusa.android.permission.MAPS_RECEIVE
ADDED from AndroidManifest.xml:15:5
	android:protectionLevel
		ADDED from AndroidManifest.xml:17:9
	android:name
		ADDED from AndroidManifest.xml:16:9
uses-permission#android.permission.ACCESS_NETWORK_STATE
ADDED from AndroidManifest.xml:19:5
	android:name
		ADDED from AndroidManifest.xml:20:9
uses-permission#android.permission.INTERNET
ADDED from AndroidManifest.xml:21:5
MERGED from com.github.androidsocialnetworks:library:0.3.7:7:5
	android:name
		ADDED from AndroidManifest.xml:22:9
uses-permission#android.permission.ACCESS_WIFI_STATE
ADDED from AndroidManifest.xml:23:5
	android:name
		ADDED from AndroidManifest.xml:24:9
uses-permission#android.permission.WRITE_EXTERNAL_STORAGE
ADDED from AndroidManifest.xml:25:5
	android:name
		ADDED from AndroidManifest.xml:26:9
uses-permission#android.permission.CALL_PHONE
ADDED from AndroidManifest.xml:27:5
	android:name
		ADDED from AndroidManifest.xml:28:9
uses-permission#android.permission.READ_PHONE_STATE
ADDED from AndroidManifest.xml:29:5
	android:name
		ADDED from AndroidManifest.xml:30:9
uses-permission#android.permission.CAMERA
ADDED from AndroidManifest.xml:31:5
	android:name
		ADDED from AndroidManifest.xml:32:9
uses-permission#android.permission.ACCESS_COARSE_LOCATION
ADDED from AndroidManifest.xml:33:5
	android:name
		ADDED from AndroidManifest.xml:34:9
uses-permission#android.permission.ACCESS_FINE_LOCATION
ADDED from AndroidManifest.xml:35:5
	android:name
		ADDED from AndroidManifest.xml:36:9
uses-permission#com.google.android.providers.gsf.permission.READ_GSERVICES
ADDED from AndroidManifest.xml:37:5
	android:name
		ADDED from AndroidManifest.xml:38:9
uses-permission#edu.ucla.fusa.android.permission.MAPS_RECEIVE
ADDED from AndroidManifest.xml:39:5
	android:name
		ADDED from AndroidManifest.xml:40:9
uses-permission#android.permission.VIBRATE
ADDED from AndroidManifest.xml:41:5
	android:name
		ADDED from AndroidManifest.xml:42:9
uses-feature#0x00020000
ADDED from AndroidManifest.xml:44:5
	android:glEsVersion
		ADDED from AndroidManifest.xml:45:9
	android:required
		ADDED from AndroidManifest.xml:46:9
application
ADDED from AndroidManifest.xml:48:5
MERGED from de.hdodenhof:circleimageview:1.2.0:9:5
MERGED from com.android.support:support-v4:21.0.0:16:5
MERGED from com.google.android.gms:play-services:6.1.71:16:5
MERGED from com.android.support:support-v4:21.0.0:16:5
MERGED from com.android.support:support-v4:21.0.0:16:5
MERGED from com.github.dmytrodanylyk.circular-progress-button:library:1.1.3:12:5
MERGED from com.navercorp.pulltorefresh:library:3.2.0:9:5
MERGED from com.android.support:support-v4:21.0.0:16:5
MERGED from com.github.androidsocialnetworks:library:0.3.7:14:5
MERGED from com.google.android.gms:play-services:6.1.71:16:5
MERGED from com.android.support:support-v4:21.0.0:16:5
MERGED from com.android.support:support-v4:21.0.0:16:5
MERGED from com.github.androidsocialnetworks:facebook:3.14.2:24:5
MERGED from com.android.support:support-v4:21.0.0:16:5
	android:label
		ADDED from AndroidManifest.xml:50:9
	android:allowBackup
		ADDED from AndroidManifest.xml:52:9
	android:icon
		ADDED from AndroidManifest.xml:51:9
	android:theme
		ADDED from AndroidManifest.xml:49:9
uses-library#com.google.android.maps
ADDED from AndroidManifest.xml:54:9
	android:name
		ADDED from AndroidManifest.xml:55:13
meta-data#com.google.android.maps.v2.API_KEY
ADDED from AndroidManifest.xml:56:9
	android:value
		ADDED from AndroidManifest.xml:58:13
	android:name
		ADDED from AndroidManifest.xml:57:13
meta-data#com.google.android.gms.version
ADDED from AndroidManifest.xml:59:9
	android:value
		ADDED from AndroidManifest.xml:61:13
	android:name
		ADDED from AndroidManifest.xml:60:13
meta-data#com.facebook.sdk.ApplicationId
ADDED from AndroidManifest.xml:62:9
	android:value
		ADDED from AndroidManifest.xml:64:13
	android:name
		ADDED from AndroidManifest.xml:63:13
activity#edu.ucla.fusa.android.VistasInicialesActivity
ADDED from AndroidManifest.xml:66:9
	android:screenOrientation
		ADDED from AndroidManifest.xml:69:13
	android:label
		ADDED from AndroidManifest.xml:67:13
	android:name
		ADDED from AndroidManifest.xml:68:13
intent-filter#android.intent.action.MAIN+android.intent.category.LAUNCHER
ADDED from AndroidManifest.xml:70:13
action#android.intent.action.MAIN
ADDED from AndroidManifest.xml:71:17
	android:name
		ADDED from AndroidManifest.xml:72:21
category#android.intent.category.LAUNCHER
ADDED from AndroidManifest.xml:73:17
	android:name
		ADDED from AndroidManifest.xml:74:21
activity#edu.ucla.fusa.android.VistasPrincipalesActivity
ADDED from AndroidManifest.xml:77:9
	android:screenOrientation
		ADDED from AndroidManifest.xml:80:13
	android:label
		ADDED from AndroidManifest.xml:78:13
	android:name
		ADDED from AndroidManifest.xml:79:13
uses-sdk
INJECTED from AndroidManifest.xml:0:0 reason: use-sdk injection requested
MERGED from de.hdodenhof:circleimageview:1.2.0:5:5
MERGED from com.android.support:support-v4:21.0.0:15:5
MERGED from com.google.android.gms:play-services:6.1.71:15:5
MERGED from com.android.support:support-v4:21.0.0:15:5
MERGED from fusaandroid:libraryViewPagerIndicator:unspecified:7:5
MERGED from com.android.support:support-v4:21.0.0:15:5
MERGED from com.github.dmytrodanylyk.circular-progress-button:library:1.1.3:8:5
MERGED from com.navercorp.pulltorefresh:library:3.2.0:7:5
MERGED from fusaandroid:libraryBetterPickers:unspecified:7:5
MERGED from com.android.support:support-v4:21.0.0:15:5
MERGED from fusaandroid:libraryTimesSquare:unspecified:7:5
MERGED from com.github.androidsocialnetworks:library:0.3.7:10:5
MERGED from com.google.android.gms:play-services:6.1.71:15:5
MERGED from com.android.support:support-v4:21.0.0:15:5
MERGED from com.android.support:support-v4:21.0.0:15:5
MERGED from com.github.androidsocialnetworks:facebook:3.14.2:20:5
MERGED from com.android.support:support-v4:21.0.0:15:5
	android:targetSdkVersion
		INJECTED from AndroidManifest.xml:0:0
		INJECTED from AndroidManifest.xml:0:0
	android:minSdkVersion
		INJECTED from AndroidManifest.xml:0:0
		INJECTED from AndroidManifest.xml:0:0
uses-permission#android.permission.READ_EXTERNAL_STORAGE
ADDED from com.github.androidsocialnetworks:library:0.3.7:8:5
	android:name
		ADDED from com.github.androidsocialnetworks:library:0.3.7:8:22
activity#com.androidsocialnetworks.lib.OAuthActivity
ADDED from com.github.androidsocialnetworks:library:0.3.7:15:9
	android:theme
		ADDED from com.github.androidsocialnetworks:library:0.3.7:17:13
	android:name
		ADDED from com.github.androidsocialnetworks:library:0.3.7:16:13
activity#com.facebook.LoginActivity
ADDED from com.github.androidsocialnetworks:library:0.3.7:18:9
	android:theme
		ADDED from com.github.androidsocialnetworks:library:0.3.7:20:13
	android:name
		ADDED from com.github.androidsocialnetworks:library:0.3.7:19:13